2017-09-07 23:57:44.012 [main] INFO com.legend.Application(87): Starting Application on DESKTOP-I05EV7F with PID 20304 (C:\GitHubProject\GitHubProject\SocketDemo\target\classes started by dell-pc in C:\GitHubProject\GitHubProject\SocketDemo)
2017-09-07 23:57:44.017 [main] INFO com.legend.Application(87): No active profile set, falling back to default profiles: default
2017-09-07 23:57:44.899 [background-preinit] INFO org.hibernate.validator.internal.util.Version(30): HV000001: Hibernate Validator 5.3.5.Final
2017-09-07 23:57:49.127 [main] INFO org.eclipse.jetty.util.log(192): Logging initialized @7289ms to org.eclipse.jetty.util.log.Slf4jLog
2017-09-07 23:57:50.350 [main] INFO org.eclipse.jetty.server.Server(372): jetty-9.4.6.v20170531
2017-09-07 23:57:50.480 [main] INFO org.eclipse.jetty.server.session(364): DefaultSessionIdManager workerName=node0
2017-09-07 23:57:50.480 [main] INFO org.eclipse.jetty.server.session(369): No SessionScavenger set, using defaults
2017-09-07 23:57:50.484 [main] INFO org.eclipse.jetty.server.session(149): Scavenging every 660000ms
2017-09-07 23:57:50.491 [main] INFO org.eclipse.jetty.server.handler.ContextHandler.application(2221): Initializing Spring embedded WebApplicationContext
2017-09-07 23:57:50.741 [main] INFO org.eclipse.jetty.server.handler.ContextHandler(788): Started o.s.b.c.e.j.JettyEmbeddedWebAppContext@3dc95b8b{/,[file:///C:/Users/dell-pc/AppData/Local/Temp/jetty-docbase.2543742123249262528.8088/],AVAILABLE}
2017-09-07 23:57:50.742 [main] INFO org.eclipse.jetty.server.Server(444): Started @8904ms
2017-09-07 23:57:50.846 [main] WARN o.s.b.factory.annotation.AutowiredAnnotationBeanPostProcessor(87): Autowired annotation is not supported on static fields: public static java.lang.Integer com.legend.service.AmmeterService.SOCKET_PORT
2017-09-07 23:57:51.414 [main] WARN o.s.b.factory.annotation.AutowiredAnnotationBeanPostProcessor(87): Autowired annotation should only be used on methods with parameters: public java.util.List com.legend.service.SysDictionaryService.getDictionartLists()
2017-09-07 23:57:51.876 [main] DEBUG dao.com.legend.dao.SysDictionaryMapper.selectByCondition(145): ==>  Preparing: select id, param_1, param_2, param_3, param_4,param_id,type from sys_dictionary 
2017-09-07 23:57:51.908 [main] DEBUG dao.com.legend.dao.SysDictionaryMapper.selectByCondition(145): ==> Parameters: 
2017-09-07 23:57:51.926 [main] DEBUG dao.com.legend.dao.SysDictionaryMapper.selectByCondition(145): <==      Total: 29
2017-09-07 23:57:53.969 [main] INFO org.eclipse.jetty.server.handler.ContextHandler.application(2221): Initializing Spring FrameworkServlet 'dispatcherServlet'
2017-09-07 23:57:54.064 [main] INFO org.eclipse.jetty.server.AbstractConnector(280): Started ServerConnector@2d55e826{HTTP/1.1,[http/1.1]}{0.0.0.0:8088}
2017-09-07 23:57:54.075 [main] INFO com.legend.Application(87): Started Application in 11.173 seconds (JVM running for 12.237)
2017-09-07 23:59:37.456 [qtp2040452328-24] WARN org.springframework.web.servlet.PageNotFound(87): Request method 'GET' not supported
